<?xml version="1.0" encoding="UTF-8" ?>
<testsuite errors="0" failures="0" hostname="Wurm" name="Tester" tests="1" time="0.851" timestamp="2015-02-19T01:05:30">
  <properties>
    <property name="java.vendor" value="Oracle Corporation" />
    <property name="osgi.bundles.defaultStartLevel" value="4" />
    <property name="org.eclipse.debug.ui.breakpoints.toggleFactoriesUsed" value="true" />
    <property name="sun.java.launcher" value="SUN_STANDARD" />
    <property name="eclipse.pdebuild.templates" value="/home/guy/eclipse/plugins/org.eclipse.pde.build_3.9.0.v20140415-2029/templates/" />
    <property name="org.osgi.supports.framework.extension" value="true" />
    <property name="sun.management.compiler" value="HotSpot 64-Bit Tiered Compilers" />
    <property name="ant.file.Armcore" value="/home/guy/synchronized-video-collaboration/tests/API/Java/build.xml" />
    <property name="eclipse.p2.profile" value="epp.package.jee" />
    <property name="os.name" value="Linux" />
    <property name="sun.boot.class.path" value="/usr/lib/jvm/java-8-oracle/jre/lib/resources.jar:/usr/lib/jvm/java-8-oracle/jre/lib/rt.jar:/usr/lib/jvm/java-8-oracle/jre/lib/sunrsasign.jar:/usr/lib/jvm/java-8-oracle/jre/lib/jsse.jar:/usr/lib/jvm/java-8-oracle/jre/lib/jce.jar:/usr/lib/jvm/java-8-oracle/jre/lib/charsets.jar:/usr/lib/jvm/java-8-oracle/jre/lib/jfr.jar:/usr/lib/jvm/java-8-oracle/jre/classes" />
    <property name="eclipse.running" value="true" />
    <property name="osgi.ws" value="gtk" />
    <property name="sun.desktop" value="gnome" />
    <property name="java.vm.specification.vendor" value="Oracle Corporation" />
    <property name="ant.home" value="/home/guy/eclipse/plugins/org.apache.ant_1.9.2.v201404171502" />
    <property name="java.runtime.version" value="1.8.0_20-b26" />
    <property name="osgi.instance.area" value="file:/home/guy/workspaces/SWE/" />
    <property name="org.osgi.framework.uuid" value="e014a8f9-c5b7-0014-14e9-f75c8d7b2fb1" />
    <property name="org.eclipse.m2e.log.dir" value="/home/guy/workspaces/SWE/.metadata/.plugins/org.eclipse.m2e.logback.configuration" />
    <property name="user.name" value="guy" />
    <property name="osgi.framework.extensions" value="reference:file:org.eclipse.osgi.compatibility.state_1.0.1.v20140709-1414.jar,reference:file:org.eclipse.fx.osgi_1.1.0.201411050602.jar" />
    <property name="org.osgi.framework.system.packages" value="javax.accessibility,javax.activation,javax.activity,javax.annotation,javax.annotation.processing,javax.crypto,javax.crypto.interfaces,javax.crypto.spec,javax.imageio,javax.imageio.event,javax.imageio.metadata,javax.imageio.plugins.bmp,javax.imageio.plugins.jpeg,javax.imageio.spi,javax.imageio.stream,javax.jws,javax.jws.soap,javax.lang.model,javax.lang.model.element,javax.lang.model.type,javax.lang.model.util,javax.management,javax.management.loading,javax.management.modelmbean,javax.management.monitor,javax.management.openmbean,javax.management.relation,javax.management.remote,javax.management.remote.rmi,javax.management.timer,javax.naming,javax.naming.directory,javax.naming.event,javax.naming.ldap,javax.naming.spi,javax.net,javax.net.ssl,javax.print,javax.print.attribute,javax.print.attribute.standard,javax.print.event,javax.rmi,javax.rmi.CORBA,javax.rmi.ssl,javax.script,javax.security.auth,javax.security.auth.callback,javax.security.auth.kerberos,javax.security.auth.login,javax.security.auth.spi,javax.security.auth.x500,javax.security.cert,javax.security.sasl,javax.sound.midi,javax.sound.midi.spi,javax.sound.sampled,javax.sound.sampled.spi,javax.sql,javax.sql.rowset,javax.sql.rowset.serial,javax.sql.rowset.spi,javax.swing,javax.swing.border,javax.swing.colorchooser,javax.swing.event,javax.swing.filechooser,javax.swing.plaf,javax.swing.plaf.basic,javax.swing.plaf.metal,javax.swing.plaf.multi,javax.swing.plaf.nimbus,javax.swing.plaf.synth,javax.swing.table,javax.swing.text,javax.swing.text.html,javax.swing.text.html.parser,javax.swing.text.rtf,javax.swing.tree,javax.swing.undo,javax.tools,javax.transaction,javax.transaction.xa,javax.xml,javax.xml.bind,javax.xml.bind.annotation,javax.xml.bind.annotation.adapters,javax.xml.bind.attachment,javax.xml.bind.helpers,javax.xml.bind.util,javax.xml.crypto,javax.xml.crypto.dom,javax.xml.crypto.dsig,javax.xml.crypto.dsig.dom,javax.xml.crypto.dsig.keyinfo,javax.xml.crypto.dsig.spec,javax.xml.datatype,javax.xml.namespace,javax.xml.parsers,javax.xml.soap,javax.xml.stream,javax.xml.stream.events,javax.xml.stream.util,javax.xml.transform,javax.xml.transform.dom,javax.xml.transform.sax,javax.xml.transform.stax,javax.xml.transform.stream,javax.xml.validation,javax.xml.ws,javax.xml.ws.handler,javax.xml.ws.handler.soap,javax.xml.ws.http,javax.xml.ws.soap,javax.xml.ws.spi,javax.xml.ws.spi.http,javax.xml.ws.wsaddressing,javax.xml.xpath,org.ietf.jgss,org.omg.CORBA,org.omg.CORBA_2_3,org.omg.CORBA_2_3.portable,org.omg.CORBA.DynAnyPackage,org.omg.CORBA.ORBPackage,org.omg.CORBA.portable,org.omg.CORBA.TypeCodePackage,org.omg.CosNaming,org.omg.CosNaming.NamingContextExtPackage,org.omg.CosNaming.NamingContextPackage,org.omg.Dynamic,org.omg.DynamicAny,org.omg.DynamicAny.DynAnyFactoryPackage,org.omg.DynamicAny.DynAnyPackage,org.omg.IOP,org.omg.IOP.CodecFactoryPackage,org.omg.IOP.CodecPackage,org.omg.Messaging,org.omg.PortableInterceptor,org.omg.PortableInterceptor.ORBInitInfoPackage,org.omg.PortableServer,org.omg.PortableServer.CurrentPackage,org.omg.PortableServer.POAManagerPackage,org.omg.PortableServer.POAPackage,org.omg.PortableServer.portable,org.omg.PortableServer.ServantLocatorPackage,org.omg.SendingContext,org.omg.stub.java.rmi,org.w3c.dom,org.w3c.dom.bootstrap,org.w3c.dom.css,org.w3c.dom.events,org.w3c.dom.html,org.w3c.dom.ls,org.w3c.dom.ranges,org.w3c.dom.stylesheets,org.w3c.dom.traversal,org.w3c.dom.views,org.w3c.dom.xpath,org.xml.sax,org.xml.sax.ext,org.xml.sax.helpers" />
    <property name="eclipse.launcher" value="/home/guy/eclipse/eclipse" />
    <property name="build.dir" value="/home/guy/synchronized-video-collaboration/tests/API/Java/bin" />
    <property name="eclipse.launcher.name" value="Eclipse" />
    <property name="osgi.frameworkClassPath" value="., file:/home/guy/eclipse/plugins/org.eclipse.osgi.compatibility.state_1.0.1.v20140709-1414.jar, file:/home/guy/eclipse/plugins/org.eclipse.fx.osgi_1.1.0.201411050602.jar" />
    <property name="equinox.use.ds" value="true" />
    <property name="org.osgi.framework.language" value="en" />
    <property name="user.language" value="en" />
    <property name="org.osgi.framework.processor" value="x86-64" />
    <property name="osgi.syspath" value="/home/guy/eclipse/plugins" />
    <property name="test.report.dir" value="/home/guy/synchronized-video-collaboration/tests/API/Java/testreport" />
    <property name="sun.boot.library.path" value="/usr/lib/jvm/java-8-oracle/jre/lib/amd64" />
    <property name="org.osgi.framework.system.capabilities" value="osgi.ee; osgi.ee=&quot;OSGi/Minimum&quot;; version:List&lt;Version&gt;=&quot;1.0, 1.1, 1.2&quot;,osgi.ee; osgi.ee=&quot;JRE&quot;; version:List&lt;Version&gt;=&quot;1.0, 1.1&quot;,osgi.ee; osgi.ee=&quot;JavaSE&quot;; version:List&lt;Version&gt;=&quot;1.0, 1.1, 1.2, 1.3, 1.4, 1.5, 1.6, 1.7, 1.8&quot;,osgi.ee; osgi.ee=&quot;JavaSE/compact1&quot;; version:List&lt;Version&gt;=&quot;1.8&quot;,osgi.ee; osgi.ee=&quot;JavaSE/compact2&quot;; version:List&lt;Version&gt;=&quot;1.8&quot;,osgi.ee; osgi.ee=&quot;JavaSE/compact3&quot;; version:List&lt;Version&gt;=&quot;1.8&quot;" />
    <property name="ant.project.default-target" value="test" />
    <property name="org.eclipse.php.debug.ui.activeDebugging" value="true" />
    <property name="osgi.compatibility.bootdelegation" value="true" />
    <property name="ant.project.name" value="Armcore" />
    <property name="java.version" value="1.8.0_20" />
    <property name="org.osgi.framework.os.name" value="Linux" />
    <property name="user.timezone" value="America/Denver" />
    <property name="sun.arch.data.model" value="64" />
    <property name="osgi.bundles" value="reference:file:org.eclipse.osgi.compatibility.state_1.0.1.v20140709-1414.jar,reference:file:org.eclipse.fx.osgi_1.1.0.201411050602.jar,reference:file:org.eclipse.equinox.simpleconfigurator_1.1.0.v20131217-1203.jar@1:start" />
    <property name="java.endorsed.dirs" value="/usr/lib/jvm/java-8-oracle/jre/lib/endorsed" />
    <property name="osgi.tracefile" value="/home/guy/workspaces/SWE/.metadata/trace.log" />
    <property name="sun.cpu.isalist" value="" />
    <property name="sun.jnu.encoding" value="UTF-8" />
    <property name="eclipse.application" value="org.eclipse.ui.ide.workbench" />
    <property name="file.encoding.pkg" value="sun.io" />
    <property name="org.osgi.framework.vendor" value="Eclipse" />
    <property name="file.separator" value="/" />
    <property name="java.specification.name" value="Java Platform API Specification" />
    <property name="java.class.version" value="52.0" />
    <property name="com.atlassian.connector.eclipse.branding.ui.isOnlyJiraInstalled" value="false" />
    <property name="user.country" value="US" />
    <property name="org.eclipse.equinox.launcher.splash.location" value="/home/guy/eclipse//plugins/org.eclipse.platform_4.4.0.v20140925-0400/splash.bmp" />
    <property name="java.home" value="/usr/lib/jvm/java-8-oracle/jre" />
    <property name="osgi.os" value="linux" />
    <property name="eclipse.commands" value="-os&#xa;linux&#xa;-ws&#xa;gtk&#xa;-arch&#xa;x86_64&#xa;-showsplash&#xa;/home/guy/eclipse//plugins/org.eclipse.platform_4.4.0.v20140925-0400/splash.bmp&#xa;-launcher&#xa;/home/guy/eclipse/eclipse&#xa;-name&#xa;Eclipse&#xa;--launcher.library&#xa;/home/guy/eclipse//plugins/org.eclipse.equinox.launcher.gtk.linux.x86_64_1.1.200.v20140603-1326/eclipse_1605.so&#xa;-startup&#xa;/home/guy/eclipse//plugins/org.eclipse.equinox.launcher_1.3.0.v20140415-2008.jar&#xa;--launcher.appendVmargs&#xa;-exitdata&#xa;7b8005&#xa;-product&#xa;org.eclipse.epp.package.jee.product&#xa;-vm&#xa;/usr/bin/java&#xa;" />
    <property name="java.vm.info" value="mixed mode" />
    <property name="osgi.splashLocation" value="/home/guy/eclipse//plugins/org.eclipse.platform_4.4.0.v20140925-0400/splash.bmp" />
    <property name="ant.file" value="/home/guy/synchronized-video-collaboration/tests/API/Java/build.xml" />
    <property name="os.version" value="3.16.0-4-amd64" />
    <property name="osgi.arch" value="x86_64" />
    <property name="org.terracotta.quartz.skipUpdateCheck" value="true" />
    <property name="path.separator" value=":" />
    <property name="eclipse.home" value="/home/guy/eclipse" />
    <property name="java.vm.version" value="25.20-b23" />
    <property name="org.osgi.supports.framework.fragment" value="true" />
    <property name="ant.library.dir" value="/home/guy/eclipse/plugins/org.apache.ant_1.9.2.v201404171502/lib" />
    <property name="osgi.framework.shape" value="jar" />
    <property name="osgi.instance.area.default" value="file:/home/guy/workspace/" />
    <property name="java.awt.printerjob" value="sun.print.PSPrinterJob" />
    <property name="sun.io.unicode.encoding" value="UnicodeLittle" />
    <property name="org.osgi.framework.version" value="1.8.0" />
    <property name="awt.toolkit" value="sun.awt.X11.XToolkit" />
    <property name="eclipse.stateSaveDelayInterval" value="30000" />
    <property name="eclipse.pdebuild.scripts" value="/home/guy/eclipse/plugins/org.eclipse.pde.build_3.9.0.v20140415-2029/scripts/" />
    <property name="osgi.install.area" value="file:/home/guy/eclipse/" />
    <property name="osgi.framework" value="file:/home/guy/eclipse/plugins/org.eclipse.osgi_3.10.1.v20140909-1633.jar" />
    <property name="user.home" value="/home/guy" />
    <property name="org.eclipse.equinox.simpleconfigurator.configUrl" value="file:org.eclipse.equinox.simpleconfigurator/bundles.info" />
    <property name="osgi.splashPath" value="platform:/base/plugins/org.eclipse.platform" />
    <property name="osgi.framework.useSystemProperties" value="true" />
    <property name="osgi.nl" value="en_US" />
    <property name="java.specification.vendor" value="Oracle Corporation" />
    <property name="test.dir" value="/home/guy/synchronized-video-collaboration/tests/API/Java/src" />
    <property name="java.library.path" value="/usr/java/packages/lib/amd64:/usr/lib64:/lib64:/lib:/usr/lib" />
    <property name="java.vendor.url" value="http://java.oracle.com/" />
    <property name="eclipse.p2.data.area" value="@config.dir/../p2/" />
    <property name="org.osgi.framework.os.version" value="3.16.0" />
    <property name="eclipse.startTime" value="1424302164806" />
    <property name="java.vm.vendor" value="Oracle Corporation" />
    <property name="java.runtime.name" value="Java(TM) SE Runtime Environment" />
    <property name="java.class.path" value="/home/guy/synchronized-video-collaboration/tests/API/Java/lib/ant-junit-1.8.4.jar:/home/guy/synchronized-video-collaboration/tests/API/Java/lib/commons-codec-1.9.jar:/home/guy/synchronized-video-collaboration/tests/API/Java/lib/commons-logging-1.2.jar:/home/guy/synchronized-video-collaboration/tests/API/Java/lib/fluent-hc-4.4.jar:/home/guy/synchronized-video-collaboration/tests/API/Java/lib/hamcrest-core-1.3.jar:/home/guy/synchronized-video-collaboration/tests/API/Java/lib/httpclient-4.4.jar:/home/guy/synchronized-video-collaboration/tests/API/Java/lib/httpclient-cache-4.4.jar:/home/guy/synchronized-video-collaboration/tests/API/Java/lib/httpclient-win-4.4.jar:/home/guy/synchronized-video-collaboration/tests/API/Java/lib/httpcore-4.4.jar:/home/guy/synchronized-video-collaboration/tests/API/Java/lib/httpmime-4.4.jar:/home/guy/synchronized-video-collaboration/tests/API/Java/lib/jna-4.1.0.jar:/home/guy/synchronized-video-collaboration/tests/API/Java/lib/jna-platform-4.1.0.jar:/home/guy/synchronized-video-collaboration/tests/API/Java/lib/junit-4.12.jar:/home/guy/synchronized-video-collaboration/tests/API/Java/bin:/home/guy/eclipse/plugins/org.apache.ant_1.9.2.v201404171502/lib/ant-launcher.jar:/home/guy/eclipse/plugins/org.apache.ant_1.9.2.v201404171502/lib/ant.jar:/home/guy/eclipse/plugins/org.apache.ant_1.9.2.v201404171502/lib/ant-junit.jar:/home/guy/eclipse/plugins/org.apache.ant_1.9.2.v201404171502/lib/ant-junit4.jar" />
    <property name="sun.java.command" value="org.apache.tools.ant.taskdefs.optional.junit.JUnitTestRunner Tester filtertrace=true haltOnError=false haltOnFailure=false formatter=org.apache.tools.ant.taskdefs.optional.junit.SummaryJUnitResultFormatter showoutput=false outputtoformatters=true logfailedtests=true logtestlistenerevents=false formatter=org.apache.tools.ant.taskdefs.optional.junit.XMLJUnitResultFormatter,/home/guy/synchronized-video-collaboration/tests/API/Java/TEST-Tester.xml crashfile=/home/guy/synchronized-video-collaboration/tests/API/Java/junitvmwatcher7381438935422697675.properties propsfile=/home/guy/synchronized-video-collaboration/tests/API/Java/junit3774559685076135118.properties" />
    <property name="ant.version" value="Apache Ant(TM) version 1.9.2 compiled on July 8 2013" />
    <property name="clientencoding" value="iso8859-1" />
    <property name="osgi.requiredJavaVersion" value="1.6" />
    <property name="org.eclipse.update.reconcile" value="false" />
    <property name="eclipse.vm" value="/usr/bin/java" />
    <property name="java.vm.specification.name" value="Java Virtual Machine Specification" />
    <property name="ant.file.type.Armcore" value="file" />
    <property name="java.vm.specification.version" value="1.8" />
    <property name="sun.cpu.endian" value="little" />
    <property name="sun.os.patch.level" value="unknown" />
    <property name="gosh.args" value="--nointeractive" />
    <property name="eclipse.pdebuild.home" value="/home/guy/eclipse/plugins/org.eclipse.pde.build_3.9.0.v20140415-2029/./" />
    <property name="java.io.tmpdir" value="/tmp" />
    <property name="applicationXMI" value="org.eclipse.ui.workbench/LegacyIDE.e4xmi" />
    <property name="java.vendor.url.bug" value="http://bugreport.sun.com/bugreport/" />
    <property name="eclipse.product" value="org.eclipse.epp.package.jee.product" />
    <property name="eclipse.home.location" value="file:/home/guy/eclipse/" />
    <property name="os.arch" value="amd64" />
    <property name="java.awt.graphicsenv" value="sun.awt.X11GraphicsEnvironment" />
    <property name="java.ext.dirs" value="/usr/lib/jvm/java-8-oracle/jre/lib/ext:/usr/java/packages/lib/ext" />
    <property name="user.dir" value="/home/guy" />
    <property name="org.osgi.supports.framework.requirebundle" value="true" />
    <property name="line.separator" value="&#xa;" />
    <property name="build.test.dir" value="/home/guy/synchronized-video-collaboration/tests/API/Java/bin" />
    <property name="java.vm.name" value="Java HotSpot(TM) 64-Bit Server VM" />
    <property name="org.apache.commons.logging.Log" value="org.apache.commons.logging.impl.NoOpLog" />
    <property name="basedir" value="/home/guy/synchronized-video-collaboration/tests/API/Java" />
    <property name="ant.java.version" value="1.8" />
    <property name="ant.core.lib" value="/home/guy/eclipse/plugins/org.apache.ant_1.9.2.v201404171502/lib/ant.jar" />
    <property name="file.encoding" value="UTF-8" />
    <property name="eclipse.buildId" value="4.4.1.M20140925-0400" />
    <property name="org.eclipse.swt.internal.gtk.useCairo" value="true" />
    <property name="eclipse.vmargs" value="-Dclientencoding=iso8859-1&#xa;-Djava.library.path=/usr/lib/x86_64-linux-gnu/jni&#xa;-Dosgi.requiredJavaVersion=1.8&#xa;-Dosgi.requiredJavaVersion=1.6&#xa;-Xms40m&#xa;-Xmx512m&#xa;-XX:MaxPermSize=256m&#xa;-jar&#xa;/home/guy/eclipse//plugins/org.eclipse.equinox.launcher_1.3.0.v20140415-2008.jar&#xa;" />
    <property name="java.specification.version" value="1.8" />
    <property name="src.dir" value="/home/guy/synchronized-video-collaboration/tests/API/Java/src" />
    <property name="org.osgi.framework.executionenvironment" value="OSGi/Minimum-1.0,OSGi/Minimum-1.1,OSGi/Minimum-1.2,JavaSE/compact1-1.8,JavaSE/compact2-1.8,JavaSE/compact3-1.8,JRE-1.1,J2SE-1.2,J2SE-1.3,J2SE-1.4,J2SE-1.5,JavaSE-1.6,JavaSE-1.7,JavaSE-1.8" />
    <property name="ant.project.invoked-targets" value="test" />
    <property name="osgi.configuration.area" value="file:/home/guy/eclipse/configuration/" />
    <property name="osgi.logfile" value="/home/guy/workspaces/SWE/.metadata/.log" />
  </properties>
  <testcase classname="Tester" name="test" time="0.823" />
  <system-out><![CDATA[]]></system-out>
  <system-err><![CDATA[]]></system-err>
</testsuite>
